<?xml version="1.0" encoding="UTF-8"?>
<!-- Generated by org.testng.reporters.JUnitReportReporter -->
<testsuite hostname="Godzilla-ASUSDesktop" failures="0" tests="1" name="com.eCommStore.testCases.downloadCatFile_TC7" time="73.698" errors="0" timestamp="2024-04-20T21:27:59 MDT" skipped="0">
  <testcase classname="com.eCommStore.testCases.downloadCatFile_TC7" name="downloadCatFile_test" time="73.698"/>
  <system-out/>
</testsuite> <!-- com.eCommStore.testCases.downloadCatFile_TC7 -->
