<?xml version="1.0" encoding="UTF-8"?>
<!-- Generated by org.testng.reporters.JUnitReportReporter -->
<testsuite hostname="Godzilla-ASUSDesktop" failures="0" tests="1" name="com.eCommStore.testCases.Login_TC2" time="2.451" errors="0" timestamp="2024-04-20T21:43:37 MDT" skipped="0">
  <testcase classname="com.eCommStore.testCases.Login_TC2" name="LoginPage_Test" time="2.451"/>
  <system-out/>
</testsuite> <!-- com.eCommStore.testCases.Login_TC2 -->
