<?xml version="1.0" encoding="UTF-8"?>
<!-- Generated by org.testng.reporters.JUnitReportReporter -->
<testsuite hostname="Godzilla-ASUSDesktop" failures="0" tests="1" name="com.eCommStore.testCases.downloadPrdCatalog_TC6" time="137.144" errors="0" timestamp="2024-04-20T21:43:37 MDT" skipped="0">
  <testcase classname="com.eCommStore.testCases.downloadPrdCatalog_TC6" name="downloadPrdCatalog_Test" time="137.144"/>
  <system-out/>
</testsuite> <!-- com.eCommStore.testCases.downloadPrdCatalog_TC6 -->
