<?xml version="1.0" encoding="UTF-8"?>
<!-- Generated by org.testng.reporters.JUnitReportReporter -->
<testsuite hostname="Godzilla-ASUSDesktop" failures="0" tests="1" name="com.eCommStore.testCases.addNewCustUseSrchBtn_TC4" time="172.845" errors="0" timestamp="2024-04-20T22:09:50 MDT" skipped="0">
  <testcase classname="com.eCommStore.testCases.addNewCustUseSrchBtn_TC4" name="addNewCustUseSrchBtn_Test" time="172.845"/>
  <system-out/>
</testsuite> <!-- com.eCommStore.testCases.addNewCustUseSrchBtn_TC4 -->
