<?xml version="1.0" encoding="UTF-8"?>
<!-- Generated by org.testng.reporters.JUnitReportReporter -->
<testsuite hostname="Godzilla-ASUSDesktop" failures="0" tests="1" name="com.eCommStore.testCases.downloadPrdCatalog_TC6" time="133.679" errors="0" timestamp="2024-04-20T22:09:50 MDT" skipped="0">
  <testcase classname="com.eCommStore.testCases.downloadPrdCatalog_TC6" name="downloadPrdCatalog_Test" time="133.679"/>
  <system-out/>
</testsuite> <!-- com.eCommStore.testCases.downloadPrdCatalog_TC6 -->
