<?xml version="1.0" encoding="UTF-8"?>
<!-- Generated by org.testng.reporters.JUnitReportReporter -->
<testsuite hostname="Godzilla-ASUSDesktop" failures="0" tests="1" name="com.eCommStore.testCases.addNewCustandEdit_TC5" time="199.131" errors="0" timestamp="2024-04-20T22:09:50 MDT" skipped="0">
  <testcase classname="com.eCommStore.testCases.addNewCustandEdit_TC5" name="addNewCustandEdit_Test" time="199.131"/>
  <system-out/>
</testsuite> <!-- com.eCommStore.testCases.addNewCustandEdit_TC5 -->
