<?xml version="1.0" encoding="UTF-8"?>
<!-- Generated by org.testng.reporters.JUnitReportReporter -->
<testsuite hostname="Godzilla-ASUSDesktop" failures="0" tests="1" name="com.eCommStore.testCases.addNewCustNotUseSrchBtn_TC3" time="169.359" errors="0" timestamp="2024-04-20T22:09:50 MDT" skipped="0">
  <testcase classname="com.eCommStore.testCases.addNewCustNotUseSrchBtn_TC3" name="addNewCustNotUseSrchBtn_Test" time="169.359"/>
  <system-out/>
</testsuite> <!-- com.eCommStore.testCases.addNewCustNotUseSrchBtn_TC3 -->
