<?xml version="1.0" encoding="UTF-8"?>
<!-- Generated by org.testng.reporters.JUnitReportReporter -->
<testsuite hostname="Godzilla-ASUSDesktop" failures="0" tests="1" name="com.eCommStore.testCases.Login_TC1" time="64.674" errors="0" timestamp="2024-04-20T22:09:50 MDT" skipped="0">
  <testcase classname="com.eCommStore.testCases.Login_TC1" name="LoginPage_Test" time="64.674"/>
  <system-out/>
</testsuite> <!-- com.eCommStore.testCases.Login_TC1 -->
